<?xml version="1.0" encoding="UTF-8"?>
<!-- Generated by org.testng.reporters.JUnitXMLReporter -->
<testsuite ignored="0" hostname="KalayChelvm" failures="1" tests="3" name="Test" time="71.957" errors="0" timestamp="22 Sep 2025 08:34:10 GMT">
  <testcase classname="tests.Testcase02_ApplyLeave" name="applyLeave" time="23.72"/>
  <testcase classname="tests.Testcase01_Login" name="loginTestcase" time="0.103">
    <failure type="java.lang.IllegalArgumentException" message="Keys to send should be a not null CharSequence">
      <![CDATA[java.lang.IllegalArgumentException: Keys to send should be a not null CharSequence
	at org.openqa.selenium.remote.RemoteWebElement.sendKeys(RemoteWebElement.java:96)
	at org.openqa.selenium.support.pagefactory.internal.LocatingElementHandler.invoke(LocatingElementHandler.java:51)
	at jdk.proxy2/jdk.proxy2.$Proxy16.sendKeys(Unknown Source)
	at pages.LoginPage.enterPassword(LoginPage.java:35)
	at tests.Testcase01_Login.loginTestcase(Testcase01_Login.java:17)
... Removed 29 stack frames]]>
    </failure>
  </testcase> <!-- loginTestcase -->
  <testcase classname="tests.E2ETestCase" name="endToEndTestcase" time="25.398"/>
</testsuite> <!-- Test -->
