<?xml version="1.0" encoding="UTF-8"?>
<!-- Generated by org.testng.reporters.JUnitXMLReporter -->
<testsuite ignored="0" hostname="KalayChelvm" failures="0" tests="3" name="Test" time="103.017" errors="0" timestamp="24 Sep 2025 08:01:12 GMT">
  <testcase classname="tests.Testcase02_ApplyLeave" name="applyLeave" time="30.75"/>
  <testcase classname="tests.Testcase01_Login" name="loginTestcase" time="13.94"/>
  <testcase classname="tests.E2ETestCase" name="endToEndTestcase" time="27.978"/>
</testsuite> <!-- Test -->
