<?xml version="1.0" encoding="UTF-8"?>
<testng-results ignored="0" total="1" passed="1" failed="0" skipped="0">
  <reporter-output>
  </reporter-output>
  <suite started-at="2025-09-20T12:12:14Z" name="Default suite" finished-at="2025-09-20T12:12:47Z" duration-ms="33536">
    <groups>
    </groups>
    <test started-at="2025-09-20T12:12:14Z" name="Default test" finished-at="2025-09-20T12:12:47Z" duration-ms="33536">
      <class name="tests.Testcase02_ApplyLeave">
        <test-method is-config="true" signature="initializeBrowser()[pri:0, instance:tests.Testcase02_ApplyLeave@231f98ef]" started-at="2025-09-20T17:42:14Z" name="initializeBrowser" finished-at="2025-09-20T17:42:21Z" duration-ms="6966" status="PASS">
          <reporter-output>
          </reporter-output>
        </test-method> <!-- initializeBrowser -->
        <test-method signature="applyLeave(java.util.HashMap)[pri:0, instance:tests.Testcase02_ApplyLeave@231f98ef]" started-at="2025-09-20T17:42:21Z" name="applyLeave" data-provider="getData" finished-at="2025-09-20T17:42:47Z" duration-ms="26210" status="PASS">
          <params>
            <param index="0">
              <value>
                <![CDATA[{password=PkwX51@VaD, toDateValue=24, partialDaySelection=Start Day Only, leaveComment=Adding comments for Leave, fromMonthValue=October, fromDateValue=23, toMonthValue=October, leaveOption=Sick Leave - US, username=admin}]]>
              </value>
            </param>
          </params>
          <reporter-output>
          </reporter-output>
        </test-method> <!-- applyLeave -->
        <test-method is-config="true" signature="tearDown()[pri:0, instance:tests.Testcase02_ApplyLeave@231f98ef]" started-at="2025-09-20T17:42:47Z" name="tearDown" finished-at="2025-09-20T17:42:47Z" duration-ms="149" status="PASS">
          <reporter-output>
          </reporter-output>
        </test-method> <!-- tearDown -->
      </class> <!-- tests.Testcase02_ApplyLeave -->
    </test> <!-- Default test -->
  </suite> <!-- Default suite -->
</testng-results>
