<?xml version="1.0" encoding="UTF-8"?>
<testng-results ignored="0" total="1" passed="1" failed="0" skipped="0">
  <reporter-output>
  </reporter-output>
  <suite started-at="2025-09-24T11:19:11Z" name="Default suite" finished-at="2025-09-24T11:19:31Z" duration-ms="20343">
    <groups>
    </groups>
    <test started-at="2025-09-24T11:19:11Z" name="Default test" finished-at="2025-09-24T11:19:31Z" duration-ms="20343">
      <class name="tests.Testcase01_Login">
        <test-method is-config="true" signature="initializeBrowser()[pri:0, instance:tests.Testcase01_Login@5ddeb7cb]" started-at="2025-09-24T16:49:11Z" name="initializeBrowser" finished-at="2025-09-24T16:49:19Z" duration-ms="8105" status="PASS">
          <reporter-output>
          </reporter-output>
        </test-method> <!-- initializeBrowser -->
        <test-method signature="loginTestcase(java.util.HashMap)[pri:0, instance:tests.Testcase01_Login@5ddeb7cb]" started-at="2025-09-24T16:49:19Z" name="loginTestcase" data-provider="getData" finished-at="2025-09-24T16:49:31Z" duration-ms="11824" status="PASS">
          <params>
            <param index="0">
              <value>
                <![CDATA[{password=PkwX51@VaD, username=admin}]]>
              </value>
            </param>
          </params>
          <reporter-output>
          </reporter-output>
        </test-method> <!-- loginTestcase -->
        <test-method is-config="true" signature="tearDown()[pri:0, instance:tests.Testcase01_Login@5ddeb7cb]" started-at="2025-09-24T16:49:31Z" name="tearDown" finished-at="2025-09-24T16:49:31Z" duration-ms="174" status="PASS">
          <reporter-output>
          </reporter-output>
        </test-method> <!-- tearDown -->
      </class> <!-- tests.Testcase01_Login -->
    </test> <!-- Default test -->
  </suite> <!-- Default suite -->
</testng-results>
