<?xml version="1.0" encoding="UTF-8"?>
<testng-results ignored="0" total="1" passed="1" failed="0" skipped="0">
  <reporter-output>
  </reporter-output>
  <suite started-at="2025-09-20T06:17:09Z" name="Default suite" finished-at="2025-09-20T06:18:18Z" duration-ms="69153">
    <groups>
    </groups>
    <test started-at="2025-09-20T06:17:09Z" name="Default test" finished-at="2025-09-20T06:18:18Z" duration-ms="69153">
      <class name="tests.Testcase02_ApplyLeave">
        <test-method is-config="true" signature="initializeBrowser()[pri:0, instance:tests.Testcase02_ApplyLeave@710c2b53]" started-at="2025-09-20T11:47:09Z" name="initializeBrowser" finished-at="2025-09-20T11:47:20Z" duration-ms="11147" status="PASS">
          <reporter-output>
          </reporter-output>
        </test-method> <!-- initializeBrowser -->
        <test-method signature="applyLeave()[pri:0, instance:tests.Testcase02_ApplyLeave@710c2b53]" started-at="2025-09-20T11:47:20Z" name="applyLeave" finished-at="2025-09-20T11:48:17Z" duration-ms="56909" status="PASS">
          <reporter-output>
          </reporter-output>
        </test-method> <!-- applyLeave -->
        <test-method is-config="true" signature="tearDown()[pri:0, instance:tests.Testcase02_ApplyLeave@710c2b53]" started-at="2025-09-20T11:48:17Z" name="tearDown" finished-at="2025-09-20T11:48:18Z" duration-ms="1073" status="PASS">
          <reporter-output>
          </reporter-output>
        </test-method> <!-- tearDown -->
      </class> <!-- tests.Testcase02_ApplyLeave -->
    </test> <!-- Default test -->
  </suite> <!-- Default suite -->
</testng-results>
